{"D:\\SLIIT\\Third yr\\SPM\\GreenLoop3\\frontend\\src\\App.jsx": {"path":"D:\\SLIIT\\Third yr\\SPM\\GreenLoop3\\frontend\\src\\App.jsx","statementMap":{"0":{"start":{"line":36,"column":21},"end":{"line":49,"column":1}},"1":{"start":{"line":37,"column":2},"end":{"line":48,"column":8}},"2":{"start":{"line":42,"column":23},"end":{"line":42,"column":44}},"3":{"start":{"line":51,"column":17},"end":{"line":64,"column":1}},"4":{"start":{"line":52,"column":2},"end":{"line":63,"column":8}},"5":{"start":{"line":57,"column":23},"end":{"line":57,"column":44}},"6":{"start":{"line":67,"column":26},"end":{"line":82,"column":1}},"7":{"start":{"line":68,"column":19},"end":{"line":68,"column":28}},"8":{"start":{"line":70,"column":2},"end":{"line":70,"column":53}},"9":{"start":{"line":70,"column":13},"end":{"line":70,"column":53}},"10":{"start":{"line":72,"column":2},"end":{"line":81,"column":3}},"11":{"start":{"line":74,"column":6},"end":{"line":74,"column":56}},"12":{"start":{"line":76,"column":6},"end":{"line":76,"column":59}},"13":{"start":{"line":78,"column":6},"end":{"line":78,"column":65}},"14":{"start":{"line":80,"column":6},"end":{"line":80,"column":59}},"15":{"start":{"line":85,"column":19},"end":{"line":206,"column":1}},"16":{"start":{"line":86,"column":19},"end":{"line":86,"column":32}},"17":{"start":{"line":87,"column":26},"end":{"line":87,"column":77}},"18":{"start":{"line":88,"column":27},"end":{"line":88,"column":70}},"19":{"start":{"line":90,"column":2},"end":{"line":205,"column":4}},"20":{"start":{"line":209,"column":2},"end":{"line":217,"column":4}}},"fnMap":{"0":{"name":"(anonymous_0)","decl":{"start":{"line":36,"column":21},"end":{"line":36,"column":22}},"loc":{"start":{"line":37,"column":2},"end":{"line":48,"column":8}},"line":37},"1":{"name":"(anonymous_1)","decl":{"start":{"line":42,"column":17},"end":{"line":42,"column":18}},"loc":{"start":{"line":42,"column":23},"end":{"line":42,"column":44}},"line":42},"2":{"name":"(anonymous_2)","decl":{"start":{"line":51,"column":17},"end":{"line":51,"column":18}},"loc":{"start":{"line":52,"column":2},"end":{"line":63,"column":8}},"line":52},"3":{"name":"(anonymous_3)","decl":{"start":{"line":57,"column":17},"end":{"line":57,"column":18}},"loc":{"start":{"line":57,"column":23},"end":{"line":57,"column":44}},"line":57},"4":{"name":"(anonymous_4)","decl":{"start":{"line":67,"column":26},"end":{"line":67,"column":27}},"loc":{"start":{"line":67,"column":32},"end":{"line":82,"column":1}},"line":67},"5":{"name":"(anonymous_5)","decl":{"start":{"line":85,"column":19},"end":{"line":85,"column":20}},"loc":{"start":{"line":85,"column":25},"end":{"line":206,"column":1}},"line":85},"6":{"name":"App","decl":{"start":{"line":208,"column":9},"end":{"line":208,"column":12}},"loc":{"start":{"line":208,"column":15},"end":{"line":218,"column":1}},"line":208}},"branchMap":{"0":{"loc":{"start":{"line":70,"column":2},"end":{"line":70,"column":53}},"type":"if","locations":[{"start":{"line":70,"column":2},"end":{"line":70,"column":53}},{"start":{},"end":{}}],"line":70},"1":{"loc":{"start":{"line":72,"column":2},"end":{"line":81,"column":3}},"type":"switch","locations":[{"start":{"line":73,"column":4},"end":{"line":74,"column":56}},{"start":{"line":75,"column":4},"end":{"line":76,"column":59}},{"start":{"line":77,"column":4},"end":{"line":78,"column":65}},{"start":{"line":79,"column":4},"end":{"line":80,"column":59}}],"line":72},"2":{"loc":{"start":{"line":92,"column":7},"end":{"line":92,"column":38}},"type":"binary-expr","locations":[{"start":{"line":92,"column":7},"end":{"line":92,"column":24}},{"start":{"line":92,"column":28},"end":{"line":92,"column":38}}],"line":92}},"s":{"0":1,"1":0,"2":0,"3":1,"4":0,"5":0,"6":1,"7":0,"8":0,"9":0,"10":0,"11":0,"12":0,"13":0,"14":0,"15":1,"16":0,"17":0,"18":0,"19":0,"20":67},"f":{"0":0,"1":0,"2":0,"3":0,"4":0,"5":0,"6":67},"b":{"0":[0,0],"1":[0,0,0,0],"2":[0,0]},"_coverageSchema":"1a1c01bbd47fc00a2c39e90264f33305004495a9","hash":"7a620605e155e0904768cd2317f9225b27e3e4ba"}
,"D:\\SLIIT\\Third yr\\SPM\\GreenLoop3\\frontend\\src\\components\\NavBar.jsx": {"path":"D:\\SLIIT\\Third yr\\SPM\\GreenLoop3\\frontend\\src\\components\\NavBar.jsx","statementMap":{"0":{"start":{"line":7,"column":15},"end":{"line":328,"column":1}},"1":{"start":{"line":8,"column":27},"end":{"line":8,"column":36}},"2":{"start":{"line":9,"column":19},"end":{"line":9,"column":32}},"3":{"start":{"line":10,"column":19},"end":{"line":10,"column":32}},"4":{"start":{"line":11,"column":38},"end":{"line":11,"column":53}},"5":{"start":{"line":12,"column":44},"end":{"line":12,"column":59}},"6":{"start":{"line":15,"column":21},"end":{"line":15,"column":46}},"7":{"start":{"line":17,"column":23},"end":{"line":20,"column":3}},"8":{"start":{"line":18,"column":4},"end":{"line":18,"column":13}},"9":{"start":{"line":19,"column":4},"end":{"line":19,"column":23}},"10":{"start":{"line":22,"column":27},"end":{"line":37,"column":3}},"11":{"start":{"line":23,"column":4},"end":{"line":36,"column":5}},"12":{"start":{"line":25,"column":8},"end":{"line":25,"column":34}},"13":{"start":{"line":27,"column":8},"end":{"line":27,"column":37}},"14":{"start":{"line":35,"column":8},"end":{"line":35,"column":28}},"15":{"start":{"line":39,"column":23},"end":{"line":54,"column":3}},"16":{"start":{"line":40,"column":4},"end":{"line":53,"column":5}},"17":{"start":{"line":42,"column":8},"end":{"line":42,"column":23}},"18":{"start":{"line":44,"column":8},"end":{"line":44,"column":26}},"19":{"start":{"line":52,"column":8},"end":{"line":52,"column":22}},"20":{"start":{"line":56,"column":29},"end":{"line":83,"column":3}},"21":{"start":{"line":57,"column":4},"end":{"line":57,"column":23}},"22":{"start":{"line":58,"column":24},"end":{"line":58,"column":48}},"23":{"start":{"line":60,"column":4},"end":{"line":82,"column":5}},"24":{"start":{"line":62,"column":6},"end":{"line":62,"column":20}},"25":{"start":{"line":64,"column":30},"end":{"line":72,"column":7}},"26":{"start":{"line":65,"column":24},"end":{"line":65,"column":72}},"27":{"start":{"line":66,"column":8},"end":{"line":71,"column":9}},"28":{"start":{"line":67,"column":10},"end":{"line":67,"column":73}},"29":{"start":{"line":70,"column":10},"end":{"line":70,"column":43}},"30":{"start":{"line":73,"column":6},"end":{"line":73,"column":39}},"31":{"start":{"line":76,"column":22},"end":{"line":76,"column":70}},"32":{"start":{"line":77,"column":6},"end":{"line":81,"column":7}},"33":{"start":{"line":78,"column":8},"end":{"line":78,"column":71}},"34":{"start":{"line":80,"column":8},"end":{"line":80,"column":73}},"35":{"start":{"line":85,"column":2},"end":{"line":327,"column":4}},"36":{"start":{"line":145,"column":33},"end":{"line":145,"column":65}},"37":{"start":{"line":168,"column":37},"end":{"line":168,"column":60}},"38":{"start":{"line":205,"column":29},"end":{"line":205,"column":55}},"39":{"start":{"line":220,"column":31},"end":{"line":220,"column":51}},"40":{"start":{"line":231,"column":20},"end":{"line":231,"column":41}},"41":{"start":{"line":232,"column":20},"end":{"line":232,"column":42}},"42":{"start":{"line":244,"column":35},"end":{"line":244,"column":55}},"43":{"start":{"line":252,"column":35},"end":{"line":252,"column":55}},"44":{"start":{"line":260,"column":35},"end":{"line":260,"column":55}},"45":{"start":{"line":291,"column":37},"end":{"line":291,"column":57}},"46":{"start":{"line":309,"column":35},"end":{"line":309,"column":55}},"47":{"start":{"line":316,"column":35},"end":{"line":316,"column":55}}},"fnMap":{"0":{"name":"(anonymous_0)","decl":{"start":{"line":7,"column":15},"end":{"line":7,"column":16}},"loc":{"start":{"line":7,"column":21},"end":{"line":328,"column":1}},"line":7},"1":{"name":"(anonymous_1)","decl":{"start":{"line":17,"column":23},"end":{"line":17,"column":24}},"loc":{"start":{"line":17,"column":29},"end":{"line":20,"column":3}},"line":17},"2":{"name":"(anonymous_2)","decl":{"start":{"line":22,"column":27},"end":{"line":22,"column":28}},"loc":{"start":{"line":22,"column":37},"end":{"line":37,"column":3}},"line":22},"3":{"name":"(anonymous_3)","decl":{"start":{"line":39,"column":23},"end":{"line":39,"column":24}},"loc":{"start":{"line":39,"column":33},"end":{"line":54,"column":3}},"line":39},"4":{"name":"(anonymous_4)","decl":{"start":{"line":56,"column":29},"end":{"line":56,"column":30}},"loc":{"start":{"line":56,"column":36},"end":{"line":83,"column":3}},"line":56},"5":{"name":"(anonymous_5)","decl":{"start":{"line":64,"column":30},"end":{"line":64,"column":31}},"loc":{"start":{"line":64,"column":36},"end":{"line":72,"column":7}},"line":64},"6":{"name":"(anonymous_6)","decl":{"start":{"line":145,"column":27},"end":{"line":145,"column":28}},"loc":{"start":{"line":145,"column":33},"end":{"line":145,"column":65}},"line":145},"7":{"name":"(anonymous_7)","decl":{"start":{"line":168,"column":31},"end":{"line":168,"column":32}},"loc":{"start":{"line":168,"column":37},"end":{"line":168,"column":60}},"line":168},"8":{"name":"(anonymous_8)","decl":{"start":{"line":205,"column":23},"end":{"line":205,"column":24}},"loc":{"start":{"line":205,"column":29},"end":{"line":205,"column":55}},"line":205},"9":{"name":"(anonymous_9)","decl":{"start":{"line":220,"column":25},"end":{"line":220,"column":26}},"loc":{"start":{"line":220,"column":31},"end":{"line":220,"column":51}},"line":220},"10":{"name":"(anonymous_10)","decl":{"start":{"line":230,"column":27},"end":{"line":230,"column":28}},"loc":{"start":{"line":230,"column":34},"end":{"line":233,"column":19}},"line":230},"11":{"name":"(anonymous_11)","decl":{"start":{"line":244,"column":29},"end":{"line":244,"column":30}},"loc":{"start":{"line":244,"column":35},"end":{"line":244,"column":55}},"line":244},"12":{"name":"(anonymous_12)","decl":{"start":{"line":252,"column":29},"end":{"line":252,"column":30}},"loc":{"start":{"line":252,"column":35},"end":{"line":252,"column":55}},"line":252},"13":{"name":"(anonymous_13)","decl":{"start":{"line":260,"column":29},"end":{"line":260,"column":30}},"loc":{"start":{"line":260,"column":35},"end":{"line":260,"column":55}},"line":260},"14":{"name":"(anonymous_14)","decl":{"start":{"line":291,"column":31},"end":{"line":291,"column":32}},"loc":{"start":{"line":291,"column":37},"end":{"line":291,"column":57}},"line":291},"15":{"name":"(anonymous_15)","decl":{"start":{"line":309,"column":29},"end":{"line":309,"column":30}},"loc":{"start":{"line":309,"column":35},"end":{"line":309,"column":55}},"line":309},"16":{"name":"(anonymous_16)","decl":{"start":{"line":316,"column":29},"end":{"line":316,"column":30}},"loc":{"start":{"line":316,"column":35},"end":{"line":316,"column":55}},"line":316}},"branchMap":{"0":{"loc":{"start":{"line":23,"column":4},"end":{"line":36,"column":5}},"type":"switch","locations":[{"start":{"line":24,"column":6},"end":{"line":25,"column":34}},{"start":{"line":26,"column":6},"end":{"line":27,"column":37}},{"start":{"line":34,"column":6},"end":{"line":35,"column":28}}],"line":23},"1":{"loc":{"start":{"line":40,"column":4},"end":{"line":53,"column":5}},"type":"switch","locations":[{"start":{"line":41,"column":6},"end":{"line":42,"column":23}},{"start":{"line":43,"column":6},"end":{"line":44,"column":26}},{"start":{"line":51,"column":6},"end":{"line":52,"column":22}}],"line":40},"2":{"loc":{"start":{"line":60,"column":4},"end":{"line":82,"column":5}},"type":"if","locations":[{"start":{"line":60,"column":4},"end":{"line":82,"column":5}},{"start":{"line":74,"column":11},"end":{"line":82,"column":5}}],"line":60},"3":{"loc":{"start":{"line":66,"column":8},"end":{"line":71,"column":9}},"type":"if","locations":[{"start":{"line":66,"column":8},"end":{"line":71,"column":9}},{"start":{"line":68,"column":15},"end":{"line":71,"column":9}}],"line":66},"4":{"loc":{"start":{"line":77,"column":6},"end":{"line":81,"column":7}},"type":"if","locations":[{"start":{"line":77,"column":6},"end":{"line":81,"column":7}},{"start":{"line":79,"column":13},"end":{"line":81,"column":7}}],"line":77},"5":{"loc":{"start":{"line":106,"column":13},"end":{"line":114,"column":13}},"type":"binary-expr","locations":[{"start":{"line":106,"column":13},"end":{"line":106,"column":23}},{"start":{"line":107,"column":14},"end":{"line":113,"column":18}}],"line":106},"6":{"loc":{"start":{"line":116,"column":13},"end":{"line":139,"column":13}},"type":"binary-expr","locations":[{"start":{"line":116,"column":13},"end":{"line":116,"column":17}},{"start":{"line":117,"column":14},"end":{"line":138,"column":17}}],"line":116},"7":{"loc":{"start":{"line":141,"column":13},"end":{"line":199,"column":13}},"type":"cond-expr","locations":[{"start":{"line":143,"column":14},"end":{"line":182,"column":20}},{"start":{"line":185,"column":14},"end":{"line":198,"column":20}}],"line":141},"8":{"loc":{"start":{"line":148,"column":19},"end":{"line":158,"column":19}},"type":"cond-expr","locations":[{"start":{"line":149,"column":20},"end":{"line":153,"column":22}},{"start":{"line":155,"column":20},"end":{"line":157,"column":26}}],"line":148},"9":{"loc":{"start":{"line":163,"column":17},"end":{"line":181,"column":17}},"type":"binary-expr","locations":[{"start":{"line":163,"column":17},"end":{"line":163,"column":30}},{"start":{"line":164,"column":18},"end":{"line":180,"column":24}}],"line":163},"10":{"loc":{"start":{"line":208,"column":15},"end":{"line":208,"column":84}},"type":"cond-expr","locations":[{"start":{"line":208,"column":28},"end":{"line":208,"column":53}},{"start":{"line":208,"column":56},"end":{"line":208,"column":84}}],"line":208},"11":{"loc":{"start":{"line":214,"column":9},"end":{"line":324,"column":9}},"type":"binary-expr","locations":[{"start":{"line":214,"column":9},"end":{"line":214,"column":19}},{"start":{"line":215,"column":10},"end":{"line":323,"column":16}}],"line":214},"12":{"loc":{"start":{"line":226,"column":15},"end":{"line":237,"column":15}},"type":"binary-expr","locations":[{"start":{"line":226,"column":15},"end":{"line":226,"column":25}},{"start":{"line":227,"column":16},"end":{"line":236,"column":20}}],"line":226},"13":{"loc":{"start":{"line":239,"column":15},"end":{"line":265,"column":15}},"type":"binary-expr","locations":[{"start":{"line":239,"column":15},"end":{"line":239,"column":19}},{"start":{"line":240,"column":16},"end":{"line":264,"column":19}}],"line":239},"14":{"loc":{"start":{"line":267,"column":15},"end":{"line":321,"column":15}},"type":"cond-expr","locations":[{"start":{"line":269,"column":16},"end":{"line":302,"column":22}},{"start":{"line":305,"column":16},"end":{"line":320,"column":22}}],"line":267},"15":{"loc":{"start":{"line":271,"column":21},"end":{"line":281,"column":21}},"type":"cond-expr","locations":[{"start":{"line":272,"column":22},"end":{"line":276,"column":24}},{"start":{"line":278,"column":22},"end":{"line":280,"column":28}}],"line":271}},"s":{"0":1,"1":35,"2":35,"3":35,"4":35,"5":35,"6":35,"7":35,"8":1,"9":1,"10":35,"11":30,"12":2,"13":26,"14":2,"15":35,"16":30,"17":2,"18":26,"19":2,"20":35,"21":1,"22":1,"23":1,"24":0,"25":0,"26":0,"27":0,"28":0,"29":0,"30":0,"31":1,"32":1,"33":0,"34":1,"35":35,"36":3,"37":1,"38":2,"39":0,"40":0,"41":0,"42":0,"43":0,"44":0,"45":0,"46":0,"47":0},"f":{"0":35,"1":1,"2":30,"3":30,"4":1,"5":0,"6":3,"7":1,"8":2,"9":0,"10":0,"11":0,"12":0,"13":0,"14":0,"15":0,"16":0},"b":{"0":[2,26,2],"1":[2,26,2],"2":[0,1],"3":[0,0],"4":[0,1],"5":[35,32],"6":[35,27],"7":[27,8],"8":[1,26],"9":[27,4],"10":[3,32],"11":[35,3],"12":[3,3],"13":[3,3],"14":[3,0],"15":[0,3]},"_coverageSchema":"1a1c01bbd47fc00a2c39e90264f33305004495a9","hash":"10d6462478f0a6e55f8e26270c2d0262b1299157"}
,"D:\\SLIIT\\Third yr\\SPM\\GreenLoop3\\frontend\\src\\contexts\\AuthContext.jsx": {"path":"D:\\SLIIT\\Third yr\\SPM\\GreenLoop3\\frontend\\src\\contexts\\AuthContext.jsx","statementMap":{"0":{"start":{"line":4,"column":20},"end":{"line":4,"column":35}},"1":{"start":{"line":6,"column":23},"end":{"line":12,"column":1}},"2":{"start":{"line":7,"column":18},"end":{"line":7,"column":41}},"3":{"start":{"line":8,"column":2},"end":{"line":10,"column":3}},"4":{"start":{"line":9,"column":4},"end":{"line":9,"column":67}},"5":{"start":{"line":11,"column":2},"end":{"line":11,"column":17}},"6":{"start":{"line":14,"column":28},"end":{"line":183,"column":1}},"7":{"start":{"line":15,"column":26},"end":{"line":15,"column":40}},"8":{"start":{"line":16,"column":32},"end":{"line":16,"column":46}},"9":{"start":{"line":17,"column":28},"end":{"line":17,"column":67}},"10":{"start":{"line":20,"column":2},"end":{"line":26,"column":14}},"11":{"start":{"line":21,"column":4},"end":{"line":25,"column":5}},"12":{"start":{"line":22,"column":6},"end":{"line":22,"column":73}},"13":{"start":{"line":24,"column":6},"end":{"line":24,"column":60}},"14":{"start":{"line":29,"column":2},"end":{"line":44,"column":14}},"15":{"start":{"line":30,"column":22},"end":{"line":41,"column":5}},"16":{"start":{"line":31,"column":6},"end":{"line":39,"column":7}},"17":{"start":{"line":32,"column":8},"end":{"line":38,"column":9}},"18":{"start":{"line":33,"column":27},"end":{"line":33,"column":80}},"19":{"start":{"line":34,"column":10},"end":{"line":34,"column":33}},"20":{"start":{"line":36,"column":10},"end":{"line":36,"column":53}},"21":{"start":{"line":37,"column":10},"end":{"line":37,"column":19}},"22":{"start":{"line":40,"column":6},"end":{"line":40,"column":24}},"23":{"start":{"line":43,"column":4},"end":{"line":43,"column":16}},"24":{"start":{"line":46,"column":16},"end":{"line":75,"column":3}},"25":{"start":{"line":47,"column":4},"end":{"line":74,"column":5}},"26":{"start":{"line":48,"column":23},"end":{"line":51,"column":8}},"27":{"start":{"line":53,"column":44},"end":{"line":53,"column":57}},"28":{"start":{"line":55,"column":6},"end":{"line":55,"column":43}},"29":{"start":{"line":56,"column":6},"end":{"line":56,"column":22}},"30":{"start":{"line":60,"column":6},"end":{"line":64,"column":7}},"31":{"start":{"line":61,"column":8},"end":{"line":61,"column":94}},"32":{"start":{"line":63,"column":8},"end":{"line":63,"column":88}},"33":{"start":{"line":66,"column":6},"end":{"line":66,"column":56}},"34":{"start":{"line":68,"column":6},"end":{"line":68,"column":47}},"35":{"start":{"line":70,"column":6},"end":{"line":73,"column":8}},"36":{"start":{"line":77,"column":19},"end":{"line":103,"column":3}},"37":{"start":{"line":78,"column":4},"end":{"line":102,"column":5}},"38":{"start":{"line":81,"column":6},"end":{"line":93,"column":7}},"39":{"start":{"line":83,"column":10},"end":{"line":83,"column":66}},"40":{"start":{"line":84,"column":10},"end":{"line":84,"column":16}},"41":{"start":{"line":86,"column":10},"end":{"line":86,"column":70}},"42":{"start":{"line":87,"column":10},"end":{"line":87,"column":16}},"43":{"start":{"line":89,"column":10},"end":{"line":89,"column":63}},"44":{"start":{"line":90,"column":10},"end":{"line":90,"column":16}},"45":{"start":{"line":92,"column":10},"end":{"line":92,"column":66}},"46":{"start":{"line":95,"column":23},"end":{"line":95,"column":59}},"47":{"start":{"line":96,"column":6},"end":{"line":96,"column":63}},"48":{"start":{"line":98,"column":6},"end":{"line":101,"column":8}},"49":{"start":{"line":105,"column":17},"end":{"line":110,"column":3}},"50":{"start":{"line":106,"column":4},"end":{"line":106,"column":37}},"51":{"start":{"line":107,"column":4},"end":{"line":107,"column":19}},"52":{"start":{"line":108,"column":4},"end":{"line":108,"column":18}},"53":{"start":{"line":109,"column":4},"end":{"line":109,"column":58}},"54":{"start":{"line":112,"column":21},"end":{"line":140,"column":3}},"55":{"start":{"line":113,"column":4},"end":{"line":139,"column":5}},"56":{"start":{"line":114,"column":23},"end":{"line":114,"column":37}},"57":{"start":{"line":115,"column":6},"end":{"line":119,"column":9}},"58":{"start":{"line":116,"column":8},"end":{"line":118,"column":9}},"59":{"start":{"line":117,"column":10},"end":{"line":117,"column":46}},"60":{"start":{"line":122,"column":6},"end":{"line":124,"column":7}},"61":{"start":{"line":123,"column":8},"end":{"line":123,"column":51}},"62":{"start":{"line":126,"column":23},"end":{"line":130,"column":8}},"63":{"start":{"line":132,"column":6},"end":{"line":132,"column":83}},"64":{"start":{"line":133,"column":6},"end":{"line":133,"column":63}},"65":{"start":{"line":135,"column":6},"end":{"line":138,"column":8}},"66":{"start":{"line":142,"column":25},"end":{"line":152,"column":3}},"67":{"start":{"line":143,"column":4},"end":{"line":151,"column":5}},"68":{"start":{"line":144,"column":23},"end":{"line":144,"column":100}},"69":{"start":{"line":145,"column":6},"end":{"line":145,"column":63}},"70":{"start":{"line":147,"column":6},"end":{"line":150,"column":8}},"71":{"start":{"line":154,"column":24},"end":{"line":164,"column":3}},"72":{"start":{"line":155,"column":4},"end":{"line":163,"column":5}},"73":{"start":{"line":156,"column":23},"end":{"line":156,"column":112}},"74":{"start":{"line":157,"column":6},"end":{"line":157,"column":63}},"75":{"start":{"line":159,"column":6},"end":{"line":162,"column":8}},"76":{"start":{"line":166,"column":16},"end":{"line":176,"column":3}},"77":{"start":{"line":178,"column":2},"end":{"line":182,"column":4}}},"fnMap":{"0":{"name":"(anonymous_0)","decl":{"start":{"line":6,"column":23},"end":{"line":6,"column":24}},"loc":{"start":{"line":6,"column":29},"end":{"line":12,"column":1}},"line":6},"1":{"name":"(anonymous_1)","decl":{"start":{"line":14,"column":28},"end":{"line":14,"column":29}},"loc":{"start":{"line":14,"column":46},"end":{"line":183,"column":1}},"line":14},"2":{"name":"(anonymous_2)","decl":{"start":{"line":20,"column":12},"end":{"line":20,"column":13}},"loc":{"start":{"line":20,"column":18},"end":{"line":26,"column":3}},"line":20},"3":{"name":"(anonymous_3)","decl":{"start":{"line":29,"column":12},"end":{"line":29,"column":13}},"loc":{"start":{"line":29,"column":18},"end":{"line":44,"column":3}},"line":29},"4":{"name":"(anonymous_4)","decl":{"start":{"line":30,"column":22},"end":{"line":30,"column":23}},"loc":{"start":{"line":30,"column":34},"end":{"line":41,"column":5}},"line":30},"5":{"name":"(anonymous_5)","decl":{"start":{"line":46,"column":16},"end":{"line":46,"column":17}},"loc":{"start":{"line":46,"column":43},"end":{"line":75,"column":3}},"line":46},"6":{"name":"(anonymous_6)","decl":{"start":{"line":77,"column":19},"end":{"line":77,"column":20}},"loc":{"start":{"line":77,"column":62},"end":{"line":103,"column":3}},"line":77},"7":{"name":"(anonymous_7)","decl":{"start":{"line":105,"column":17},"end":{"line":105,"column":18}},"loc":{"start":{"line":105,"column":23},"end":{"line":110,"column":3}},"line":105},"8":{"name":"(anonymous_8)","decl":{"start":{"line":112,"column":21},"end":{"line":112,"column":22}},"loc":{"start":{"line":112,"column":41},"end":{"line":140,"column":3}},"line":112},"9":{"name":"(anonymous_9)","decl":{"start":{"line":115,"column":36},"end":{"line":115,"column":37}},"loc":{"start":{"line":115,"column":43},"end":{"line":119,"column":7}},"line":115},"10":{"name":"(anonymous_10)","decl":{"start":{"line":142,"column":25},"end":{"line":142,"column":26}},"loc":{"start":{"line":142,"column":42},"end":{"line":152,"column":3}},"line":142},"11":{"name":"(anonymous_11)","decl":{"start":{"line":154,"column":24},"end":{"line":154,"column":25}},"loc":{"start":{"line":154,"column":51},"end":{"line":164,"column":3}},"line":154}},"branchMap":{"0":{"loc":{"start":{"line":8,"column":2},"end":{"line":10,"column":3}},"type":"if","locations":[{"start":{"line":8,"column":2},"end":{"line":10,"column":3}},{"start":{},"end":{}}],"line":8},"1":{"loc":{"start":{"line":21,"column":4},"end":{"line":25,"column":5}},"type":"if","locations":[{"start":{"line":21,"column":4},"end":{"line":25,"column":5}},{"start":{"line":23,"column":11},"end":{"line":25,"column":5}}],"line":21},"2":{"loc":{"start":{"line":31,"column":6},"end":{"line":39,"column":7}},"type":"if","locations":[{"start":{"line":31,"column":6},"end":{"line":39,"column":7}},{"start":{},"end":{}}],"line":31},"3":{"loc":{"start":{"line":60,"column":6},"end":{"line":64,"column":7}},"type":"if","locations":[{"start":{"line":60,"column":6},"end":{"line":64,"column":7}},{"start":{"line":62,"column":13},"end":{"line":64,"column":7}}],"line":60},"4":{"loc":{"start":{"line":72,"column":17},"end":{"line":72,"column":64}},"type":"binary-expr","locations":[{"start":{"line":72,"column":17},"end":{"line":72,"column":46}},{"start":{"line":72,"column":50},"end":{"line":72,"column":64}}],"line":72},"5":{"loc":{"start":{"line":77,"column":36},"end":{"line":77,"column":57}},"type":"default-arg","locations":[{"start":{"line":77,"column":47},"end":{"line":77,"column":57}}],"line":77},"6":{"loc":{"start":{"line":81,"column":6},"end":{"line":93,"column":7}},"type":"switch","locations":[{"start":{"line":82,"column":8},"end":{"line":84,"column":16}},{"start":{"line":85,"column":8},"end":{"line":87,"column":16}},{"start":{"line":88,"column":8},"end":{"line":90,"column":16}},{"start":{"line":91,"column":8},"end":{"line":92,"column":66}}],"line":81},"7":{"loc":{"start":{"line":100,"column":17},"end":{"line":100,"column":71}},"type":"binary-expr","locations":[{"start":{"line":100,"column":17},"end":{"line":100,"column":46}},{"start":{"line":100,"column":50},"end":{"line":100,"column":71}}],"line":100},"8":{"loc":{"start":{"line":116,"column":8},"end":{"line":118,"column":9}},"type":"if","locations":[{"start":{"line":116,"column":8},"end":{"line":118,"column":9}},{"start":{},"end":{}}],"line":116},"9":{"loc":{"start":{"line":116,"column":12},"end":{"line":116,"column":65}},"type":"binary-expr","locations":[{"start":{"line":116,"column":12},"end":{"line":116,"column":34}},{"start":{"line":116,"column":38},"end":{"line":116,"column":65}}],"line":116},"10":{"loc":{"start":{"line":122,"column":6},"end":{"line":124,"column":7}},"type":"if","locations":[{"start":{"line":122,"column":6},"end":{"line":124,"column":7}},{"start":{},"end":{}}],"line":122},"11":{"loc":{"start":{"line":137,"column":17},"end":{"line":137,"column":65}},"type":"binary-expr","locations":[{"start":{"line":137,"column":17},"end":{"line":137,"column":46}},{"start":{"line":137,"column":50},"end":{"line":137,"column":65}}],"line":137},"12":{"loc":{"start":{"line":149,"column":17},"end":{"line":149,"column":78}},"type":"binary-expr","locations":[{"start":{"line":149,"column":17},"end":{"line":149,"column":46}},{"start":{"line":149,"column":50},"end":{"line":149,"column":78}}],"line":149},"13":{"loc":{"start":{"line":161,"column":17},"end":{"line":161,"column":73}},"type":"binary-expr","locations":[{"start":{"line":161,"column":17},"end":{"line":161,"column":46}},{"start":{"line":161,"column":50},"end":{"line":161,"column":73}}],"line":161}},"s":{"0":1,"1":1,"2":38,"3":37,"4":2,"5":35,"6":1,"7":37,"8":37,"9":37,"10":37,"11":21,"12":7,"13":14,"14":37,"15":21,"16":21,"17":7,"18":7,"19":6,"20":3,"21":3,"22":21,"23":21,"24":37,"25":3,"26":3,"27":2,"28":2,"29":2,"30":2,"31":1,"32":1,"33":2,"34":2,"35":1,"36":37,"37":3,"38":3,"39":2,"40":2,"41":1,"42":1,"43":0,"44":0,"45":0,"46":3,"47":2,"48":1,"49":37,"50":4,"51":4,"52":4,"53":4,"54":37,"55":1,"56":1,"57":1,"58":1,"59":1,"60":1,"61":1,"62":1,"63":1,"64":1,"65":0,"66":37,"67":1,"68":1,"69":1,"70":0,"71":37,"72":1,"73":1,"74":1,"75":0,"76":37,"77":37},"f":{"0":38,"1":37,"2":21,"3":21,"4":21,"5":3,"6":3,"7":4,"8":1,"9":1,"10":1,"11":1},"b":{"0":[2,35],"1":[7,14],"2":[7,14],"3":[1,1],"4":[1,0],"5":[0],"6":[2,1,0,0],"7":[1,0],"8":[1,0],"9":[1,1],"10":[1,0],"11":[0,0],"12":[0,0],"13":[0,0]},"_coverageSchema":"1a1c01bbd47fc00a2c39e90264f33305004495a9","hash":"59dccf6f237a7d69d59caff0074b3a1c47538ea9"}
,"D:\\SLIIT\\Third yr\\SPM\\GreenLoop3\\frontend\\src\\pages\\Login.jsx": {"path":"D:\\SLIIT\\Third yr\\SPM\\GreenLoop3\\frontend\\src\\pages\\Login.jsx","statementMap":{"0":{"start":{"line":8,"column":14},"end":{"line":229,"column":1}},"1":{"start":{"line":9,"column":34},"end":{"line":12,"column":4}},"2":{"start":{"line":13,"column":42},"end":{"line":13,"column":57}},"3":{"start":{"line":14,"column":32},"end":{"line":14,"column":47}},"4":{"start":{"line":16,"column":20},"end":{"line":16,"column":29}},"5":{"start":{"line":17,"column":19},"end":{"line":17,"column":32}},"6":{"start":{"line":18,"column":19},"end":{"line":18,"column":32}},"7":{"start":{"line":20,"column":15},"end":{"line":20,"column":61}},"8":{"start":{"line":22,"column":23},"end":{"line":27,"column":3}},"9":{"start":{"line":23,"column":4},"end":{"line":26,"column":7}},"10":{"start":{"line":29,"column":23},"end":{"line":61,"column":3}},"11":{"start":{"line":30,"column":4},"end":{"line":30,"column":23}},"12":{"start":{"line":31,"column":4},"end":{"line":31,"column":21}},"13":{"start":{"line":33,"column":4},"end":{"line":60,"column":5}},"14":{"start":{"line":34,"column":21},"end":{"line":34,"column":67}},"15":{"start":{"line":36,"column":6},"end":{"line":55,"column":7}},"16":{"start":{"line":37,"column":8},"end":{"line":37,"column":43}},"17":{"start":{"line":40,"column":8},"end":{"line":52,"column":9}},"18":{"start":{"line":42,"column":12},"end":{"line":42,"column":41}},"19":{"start":{"line":43,"column":12},"end":{"line":43,"column":18}},"20":{"start":{"line":45,"column":12},"end":{"line":45,"column":44}},"21":{"start":{"line":46,"column":12},"end":{"line":46,"column":18}},"22":{"start":{"line":48,"column":12},"end":{"line":48,"column":50}},"23":{"start":{"line":49,"column":12},"end":{"line":49,"column":18}},"24":{"start":{"line":51,"column":12},"end":{"line":51,"column":46}},"25":{"start":{"line":54,"column":8},"end":{"line":54,"column":36}},"26":{"start":{"line":57,"column":6},"end":{"line":57,"column":50}},"27":{"start":{"line":59,"column":6},"end":{"line":59,"column":24}},"28":{"start":{"line":63,"column":2},"end":{"line":228,"column":4}},"29":{"start":{"line":148,"column":33},"end":{"line":148,"column":63}}},"fnMap":{"0":{"name":"(anonymous_0)","decl":{"start":{"line":8,"column":14},"end":{"line":8,"column":15}},"loc":{"start":{"line":8,"column":20},"end":{"line":229,"column":1}},"line":8},"1":{"name":"(anonymous_1)","decl":{"start":{"line":22,"column":23},"end":{"line":22,"column":24}},"loc":{"start":{"line":22,"column":30},"end":{"line":27,"column":3}},"line":22},"2":{"name":"(anonymous_2)","decl":{"start":{"line":29,"column":23},"end":{"line":29,"column":24}},"loc":{"start":{"line":29,"column":36},"end":{"line":61,"column":3}},"line":29},"3":{"name":"(anonymous_3)","decl":{"start":{"line":148,"column":27},"end":{"line":148,"column":28}},"loc":{"start":{"line":148,"column":33},"end":{"line":148,"column":63}},"line":148}},"branchMap":{"0":{"loc":{"start":{"line":20,"column":15},"end":{"line":20,"column":61}},"type":"binary-expr","locations":[{"start":{"line":20,"column":15},"end":{"line":20,"column":45}},{"start":{"line":20,"column":49},"end":{"line":20,"column":61}}],"line":20},"1":{"loc":{"start":{"line":36,"column":6},"end":{"line":55,"column":7}},"type":"if","locations":[{"start":{"line":36,"column":6},"end":{"line":55,"column":7}},{"start":{"line":53,"column":13},"end":{"line":55,"column":7}}],"line":36},"2":{"loc":{"start":{"line":40,"column":8},"end":{"line":52,"column":9}},"type":"switch","locations":[{"start":{"line":41,"column":10},"end":{"line":43,"column":18}},{"start":{"line":44,"column":10},"end":{"line":46,"column":18}},{"start":{"line":47,"column":10},"end":{"line":49,"column":18}},{"start":{"line":50,"column":10},"end":{"line":51,"column":46}}],"line":40},"3":{"loc":{"start":{"line":138,"column":24},"end":{"line":138,"column":58}},"type":"cond-expr","locations":[{"start":{"line":138,"column":39},"end":{"line":138,"column":45}},{"start":{"line":138,"column":48},"end":{"line":138,"column":58}}],"line":138},"4":{"loc":{"start":{"line":150,"column":19},"end":{"line":154,"column":19}},"type":"cond-expr","locations":[{"start":{"line":151,"column":20},"end":{"line":151,"column":84}},{"start":{"line":153,"column":20},"end":{"line":153,"column":81}}],"line":150},"5":{"loc":{"start":{"line":174,"column":47},"end":{"line":174,"column":93}},"type":"cond-expr","locations":[{"start":{"line":174,"column":57},"end":{"line":174,"column":88}},{"start":{"line":174,"column":91},"end":{"line":174,"column":93}}],"line":174},"6":{"loc":{"start":{"line":180,"column":15},"end":{"line":187,"column":15}},"type":"cond-expr","locations":[{"start":{"line":181,"column":16},"end":{"line":184,"column":22}},{"start":{"line":186,"column":16},"end":{"line":186,"column":25}}],"line":180}},"s":{"0":1,"1":285,"2":285,"3":285,"4":285,"5":285,"6":285,"7":285,"8":285,"9":243,"10":285,"11":7,"12":7,"13":7,"14":7,"15":5,"16":4,"17":4,"18":1,"19":1,"20":2,"21":2,"22":1,"23":1,"24":0,"25":1,"26":1,"27":6,"28":285,"29":2},"f":{"0":285,"1":243,"2":7,"3":2},"b":{"0":[285,285],"1":[4,1],"2":[1,2,1,0],"3":[1,284],"4":[1,284],"5":[7,278],"6":[7,278]},"_coverageSchema":"1a1c01bbd47fc00a2c39e90264f33305004495a9","hash":"ad2dc4cb8f06465bb9b45761211d96923ea67627"}
}
