TN:
SF:src\App.jsx
FN:36,(anonymous_0)
FN:42,(anonymous_1)
FN:51,(anonymous_2)
FN:57,(anonymous_3)
FN:67,(anonymous_4)
FN:85,(anonymous_5)
FN:208,App
FNF:7
FNH:1
FNDA:0,(anonymous_0)
FNDA:0,(anonymous_1)
FNDA:0,(anonymous_2)
FNDA:0,(anonymous_3)
FNDA:0,(anonymous_4)
FNDA:0,(anonymous_5)
FNDA:67,App
DA:36,1
DA:37,0
DA:42,0
DA:51,1
DA:52,0
DA:57,0
DA:67,1
DA:68,0
DA:70,0
DA:72,0
DA:74,0
DA:76,0
DA:78,0
DA:80,0
DA:85,1
DA:86,0
DA:87,0
DA:88,0
DA:90,0
DA:209,67
LF:20
LH:5
BRDA:70,0,0,0
BRDA:70,0,1,0
BRDA:72,1,0,0
BRDA:72,1,1,0
BRDA:72,1,2,0
BRDA:72,1,3,0
BRDA:92,2,0,0
BRDA:92,2,1,0
BRF:8
BRH:0
end_of_record
TN:
SF:src\components\NavBar.jsx
FN:7,(anonymous_0)
FN:17,(anonymous_1)
FN:22,(anonymous_2)
FN:39,(anonymous_3)
FN:56,(anonymous_4)
FN:64,(anonymous_5)
FN:145,(anonymous_6)
FN:168,(anonymous_7)
FN:205,(anonymous_8)
FN:220,(anonymous_9)
FN:230,(anonymous_10)
FN:244,(anonymous_11)
FN:252,(anonymous_12)
FN:260,(anonymous_13)
FN:291,(anonymous_14)
FN:309,(anonymous_15)
FN:316,(anonymous_16)
FNF:17
FNH:8
FNDA:35,(anonymous_0)
FNDA:1,(anonymous_1)
FNDA:30,(anonymous_2)
FNDA:30,(anonymous_3)
FNDA:1,(anonymous_4)
FNDA:0,(anonymous_5)
FNDA:3,(anonymous_6)
FNDA:1,(anonymous_7)
FNDA:2,(anonymous_8)
FNDA:0,(anonymous_9)
FNDA:0,(anonymous_10)
FNDA:0,(anonymous_11)
FNDA:0,(anonymous_12)
FNDA:0,(anonymous_13)
FNDA:0,(anonymous_14)
FNDA:0,(anonymous_15)
FNDA:0,(anonymous_16)
DA:7,1
DA:8,35
DA:9,35
DA:10,35
DA:11,35
DA:12,35
DA:15,35
DA:17,35
DA:18,1
DA:19,1
DA:22,35
DA:23,30
DA:25,2
DA:27,26
DA:35,2
DA:39,35
DA:40,30
DA:42,2
DA:44,26
DA:52,2
DA:56,35
DA:57,1
DA:58,1
DA:60,1
DA:62,0
DA:64,0
DA:65,0
DA:66,0
DA:67,0
DA:70,0
DA:73,0
DA:76,1
DA:77,1
DA:78,0
DA:80,1
DA:85,35
DA:145,3
DA:168,1
DA:205,2
DA:220,0
DA:231,0
DA:232,0
DA:244,0
DA:252,0
DA:260,0
DA:291,0
DA:309,0
DA:316,0
LF:48
LH:31
BRDA:23,0,0,2
BRDA:23,0,1,26
BRDA:23,0,2,2
BRDA:40,1,0,2
BRDA:40,1,1,26
BRDA:40,1,2,2
BRDA:60,2,0,0
BRDA:60,2,1,1
BRDA:66,3,0,0
BRDA:66,3,1,0
BRDA:77,4,0,0
BRDA:77,4,1,1
BRDA:106,5,0,35
BRDA:106,5,1,32
BRDA:116,6,0,35
BRDA:116,6,1,27
BRDA:141,7,0,27
BRDA:141,7,1,8
BRDA:148,8,0,1
BRDA:148,8,1,26
BRDA:163,9,0,27
BRDA:163,9,1,4
BRDA:208,10,0,3
BRDA:208,10,1,32
BRDA:214,11,0,35
BRDA:214,11,1,3
BRDA:226,12,0,3
BRDA:226,12,1,3
BRDA:239,13,0,3
BRDA:239,13,1,3
BRDA:267,14,0,3
BRDA:267,14,1,0
BRDA:271,15,0,0
BRDA:271,15,1,3
BRF:34
BRH:28
end_of_record
TN:
SF:src\contexts\AuthContext.jsx
FN:6,(anonymous_0)
FN:14,(anonymous_1)
FN:20,(anonymous_2)
FN:29,(anonymous_3)
FN:30,(anonymous_4)
FN:46,(anonymous_5)
FN:77,(anonymous_6)
FN:105,(anonymous_7)
FN:112,(anonymous_8)
FN:115,(anonymous_9)
FN:142,(anonymous_10)
FN:154,(anonymous_11)
FNF:12
FNH:12
FNDA:38,(anonymous_0)
FNDA:37,(anonymous_1)
FNDA:21,(anonymous_2)
FNDA:21,(anonymous_3)
FNDA:21,(anonymous_4)
FNDA:3,(anonymous_5)
FNDA:3,(anonymous_6)
FNDA:4,(anonymous_7)
FNDA:1,(anonymous_8)
FNDA:1,(anonymous_9)
FNDA:1,(anonymous_10)
FNDA:1,(anonymous_11)
DA:4,1
DA:6,1
DA:7,38
DA:8,37
DA:9,2
DA:11,35
DA:14,1
DA:15,37
DA:16,37
DA:17,37
DA:20,37
DA:21,21
DA:22,7
DA:24,14
DA:29,37
DA:30,21
DA:31,21
DA:32,7
DA:33,7
DA:34,6
DA:36,3
DA:37,3
DA:40,21
DA:43,21
DA:46,37
DA:47,3
DA:48,3
DA:53,2
DA:55,2
DA:56,2
DA:60,2
DA:61,1
DA:63,1
DA:66,2
DA:68,2
DA:70,1
DA:77,37
DA:78,3
DA:81,3
DA:83,2
DA:84,2
DA:86,1
DA:87,1
DA:89,0
DA:90,0
DA:92,0
DA:95,3
DA:96,2
DA:98,1
DA:105,37
DA:106,4
DA:107,4
DA:108,4
DA:109,4
DA:112,37
DA:113,1
DA:114,1
DA:115,1
DA:116,1
DA:117,1
DA:122,1
DA:123,1
DA:126,1
DA:132,1
DA:133,1
DA:135,0
DA:142,37
DA:143,1
DA:144,1
DA:145,1
DA:147,0
DA:154,37
DA:155,1
DA:156,1
DA:157,1
DA:159,0
DA:166,37
DA:178,37
LF:78
LH:72
BRDA:8,0,0,2
BRDA:8,0,1,35
BRDA:21,1,0,7
BRDA:21,1,1,14
BRDA:31,2,0,7
BRDA:31,2,1,14
BRDA:60,3,0,1
BRDA:60,3,1,1
BRDA:72,4,0,1
BRDA:72,4,1,0
BRDA:77,5,0,0
BRDA:81,6,0,2
BRDA:81,6,1,1
BRDA:81,6,2,0
BRDA:81,6,3,0
BRDA:100,7,0,1
BRDA:100,7,1,0
BRDA:116,8,0,1
BRDA:116,8,1,0
BRDA:116,9,0,1
BRDA:116,9,1,1
BRDA:122,10,0,1
BRDA:122,10,1,0
BRDA:137,11,0,0
BRDA:137,11,1,0
BRDA:149,12,0,0
BRDA:149,12,1,0
BRDA:161,13,0,0
BRDA:161,13,1,0
BRF:29
BRH:16
end_of_record
TN:
SF:src\pages\Login.jsx
FN:8,(anonymous_0)
FN:22,(anonymous_1)
FN:29,(anonymous_2)
FN:148,(anonymous_3)
FNF:4
FNH:4
FNDA:285,(anonymous_0)
FNDA:243,(anonymous_1)
FNDA:7,(anonymous_2)
FNDA:2,(anonymous_3)
DA:8,1
DA:9,285
DA:13,285
DA:14,285
DA:16,285
DA:17,285
DA:18,285
DA:20,285
DA:22,285
DA:23,243
DA:29,285
DA:30,7
DA:31,7
DA:33,7
DA:34,7
DA:36,5
DA:37,4
DA:40,4
DA:42,1
DA:43,1
DA:45,2
DA:46,2
DA:48,1
DA:49,1
DA:51,0
DA:54,1
DA:57,1
DA:59,6
DA:63,285
DA:148,2
LF:30
LH:29
BRDA:20,0,0,285
BRDA:20,0,1,285
BRDA:36,1,0,4
BRDA:36,1,1,1
BRDA:40,2,0,1
BRDA:40,2,1,2
BRDA:40,2,2,1
BRDA:40,2,3,0
BRDA:138,3,0,1
BRDA:138,3,1,284
BRDA:150,4,0,1
BRDA:150,4,1,284
BRDA:174,5,0,7
BRDA:174,5,1,278
BRDA:180,6,0,7
BRDA:180,6,1,278
BRF:16
BRH:15
end_of_record
